<?xml version="1.0" encoding="UTF-8"?>
<!-- Generated by org.testng.reporters.JUnitReportReporter -->
<testsuite hostname="Pritam" failures="0" tests="1" name="com.actitime.testScript.CustomerModule" time="25.264" errors="0" timestamp="2023-04-08T19:18:28 IST" skipped="0">
  <testcase classname="com.actitime.testScript.CustomerModule" name="testCreateCustomer" time="25.264"/>
  <system-out/>
</testsuite> <!-- com.actitime.testScript.CustomerModule -->
